<?xml version="1.0" encoding="UTF-8"?>
<testsuite xmlns:xsi="http://www.w3.org/2001/XMLSchema-instance" xsi:noNamespaceSchemaLocation="https://maven.apache.org/surefire/maven-surefire-plugin/xsd/surefire-test-report-3.0.xsd" version="3.0" name="test.tinyuml.umldraw.structure.AssociationTest" time="0.007" tests="9" errors="0" skipped="0" failures="0">
  <properties>
[...]
</properties>
  <testcase name="testClone" classname="test.tinyuml.umldraw.structure.AssociationTest" time="0.001"/>
  <testcase name="testSetters" classname="test.tinyuml.umldraw.structure.AssociationTest" time="0.0"/>
  <testcase name="testDrawWithLabelsEastWest" classname="test.tinyuml.umldraw.structure.AssociationTest" time="0.002"/>
  <testcase name="testDrawCompositionWithArrow" classname="test.tinyuml.umldraw.structure.AssociationTest" time="0.0"/>
  <testcase name="testDrawUnspecifiedWithTwoArrow" classname="test.tinyuml.umldraw.structure.AssociationTest" time="0.0"/>
  <testcase name="testDrawAggregationWithArrow" classname="test.tinyuml.umldraw.structure.AssociationTest" time="0.0"/>
  <testcase name="testDrawWithLabelsNorthSouth" classname="test.tinyuml.umldraw.structure.AssociationTest" time="0.0"/>
  <testcase name="testDefaults" classname="test.tinyuml.umldraw.structure.AssociationTest" time="0.0"/>
  <testcase name="testDrawNoLabels" classname="test.tinyuml.umldraw.structure.AssociationTest" time="0.0"/>
</testsuite>